app/build/outputs/logs/manifest-merger-debug-report.txt
-- Merging decision tree log ---
manifest
ADDED from src/main/AndroidManifest.xml:2:1-56:12
INJECTED from src/main/AndroidManifest.xml:2:1-56:12
INJECTED from src/main/AndroidManifest.xml:2:1-56:12
INJECTED from src/main/AndroidManifest.xml:2:1-56:12
MERGED from [com.android.support:design:27.1.1] AndroidManifest.xml:17:1-22:12
MERGED from [com.android.support:mediarouter-v7:27.1.1] AndroidManifest.xml:17:1-22:12
MERGED from [com.android.support:appcompat-v7:27.1.1] AndroidManifest.xml:17:1-22:12
MERGED from [com.android.support.constraint:constraint-layout:1.1.0] AndroidManifest.xml:2:1-11:12
MERGED from [com.android.support:cardview-v7:27.1.1] AndroidManifest.xml:17:1-22:12
MERGED from [com.android.support:recyclerview-v7:27.1.1] AndroidManifest.xml:17:1-22:12
MERGED from [com.android.support:gridlayout-v7:27.1.1] AndroidManifest.xml:17:1-22:12
MERGED from [com.google.firebase:firebase-core:16.0.1] AndroidManifest.xml:2:1-9:12
MERGED from [com.google.firebase:firebase-database:16.0.1] AndroidManifest.xml:2:1-8:12
MERGED from [com.google.firebase:firebase-measurement-connector-impl:16.0.1] AndroidManifest.xml:17:1-34:12
MERGED from [com.google.firebase:firebase-analytics:16.0.1] AndroidManifest.xml:17:1-55:12
MERGED from [com.google.firebase:firebase-analytics-impl:16.1.1] AndroidManifest.xml:17:1-40:12
MERGED from [com.google.firebase:firebase-iid:16.0.0] AndroidManifest.xml:17:1-65:12
MERGED from [com.google.firebase:firebase-iid-interop:16.0.0] AndroidManifest.xml:2:1-10:12
MERGED from [com.google.android.gms:play-services-base:15.0.1] AndroidManifest.xml:17:1-29:12
MERGED from [com.google.firebase:firebase-database-connection:16.0.1] AndroidManifest.xml:2:1-10:12
MERGED from [com.google.firebase:firebase-common:16.0.0] AndroidManifest.xml:2:1-16:12
MERGED from [com.google.android.gms:play-services-tasks:15.0.1] AndroidManifest.xml:2:1-9:12
MERGED from [com.google.firebase:firebase-database-collection:15.0.1] AndroidManifest.xml:2:1-8:12
MERGED from [com.google.android.gms:play-services-stats:15.0.1] AndroidManifest.xml:2:1-9:12
MERGED from [com.google.firebase:firebase-measurement-connector:16.0.0] AndroidManifest.xml:17:1-25:12
MERGED from [com.google.android.gms:play-services-ads-identifier:15.0.1] AndroidManifest.xml:17:1-24:12
MERGED from [com.google.android.gms:play-services-basement:15.0.1] AndroidManifest.xml:17:1-28:12
MERGED from [com.android.support:support-v4:27.1.1] AndroidManifest.xml:17:1-22:12
MERGED from [com.android.support:support-fragment:27.1.1] AndroidManifest.xml:17:1-22:12
MERGED from [com.android.support:animated-vector-drawable:27.1.1] AndroidManifest.xml:17:1-22:12
MERGED from [com.android.support:support-core-ui:27.1.1] AndroidManifest.xml:17:1-22:12
MERGED from [com.android.support:palette-v7:27.1.1] AndroidManifest.xml:17:1-22:12
MERGED from [com.android.support:support-core-utils:27.1.1] AndroidManifest.xml:17:1-22:12
MERGED from [com.android.support:support-vector-drawable:27.1.1] AndroidManifest.xml:17:1-22:12
MERGED from [com.android.support:transition:27.1.1] AndroidManifest.xml:17:1-22:12
MERGED from [com.android.support:support-media-compat:27.1.1] AndroidManifest.xml:17:1-22:12
MERGED from [com.android.support:support-compat:27.1.1] AndroidManifest.xml:17:1-22:12
MERGED from [android.arch.lifecycle:livedata-core:1.1.0] AndroidManifest.xml:17:1-22:12
MERGED from [android.arch.lifecycle:viewmodel:1.1.0] AndroidManifest.xml:17:1-22:12
MERGED from [android.arch.lifecycle:runtime:1.1.0] AndroidManifest.xml:17:1-22:12
MERGED from [com.google.android.gms:play-services-measurement-base:16.0.0] AndroidManifest.xml:17:1-24:12
MERGED from [android.arch.core:runtime:1.1.0] AndroidManifest.xml:17:1-22:12
INJECTED from src/main/AndroidManifest.xml:2:1-56:12
INJECTED from src/main/AndroidManifest.xml:2:1-56:12
INJECTED from src/main/AndroidManifest.xml:2:1-56:12
	package
		ADDED from src/main/AndroidManifest.xml:3:5-38
		INJECTED from src/main/AndroidManifest.xml
		INJECTED from src/main/AndroidManifest.xml
	android:versionName
		INJECTED from src/main/AndroidManifest.xml
		ADDED from src/main/AndroidManifest.xml:2:1-56:12
		INJECTED from src/main/AndroidManifest.xml
	android:versionCode
		INJECTED from src/main/AndroidManifest.xml
		ADDED from src/main/AndroidManifest.xml:2:1-56:12
		INJECTED from src/main/AndroidManifest.xml
	xmlns:android
		ADDED from src/main/AndroidManifest.xml:2:11-69
uses-permission#android.permission.GET_ACCOUNTS
ADDED from src/main/AndroidManifest.xml:6:5-71
	android:name
		ADDED from src/main/AndroidManifest.xml:6:22-68
uses-permission#android.permission.READ_PROFILE
ADDED from src/main/AndroidManifest.xml:7:5-71
	android:name
		ADDED from src/main/AndroidManifest.xml:7:22-68
uses-permission#android.permission.READ_CONTACTS
ADDED from src/main/AndroidManifest.xml:8:5-72
	android:name
		ADDED from src/main/AndroidManifest.xml:8:22-69
application
ADDED from src/main/AndroidManifest.xml:10:5-54:19
MERGED from [com.android.support.constraint:constraint-layout:1.1.0] AndroidManifest.xml:9:5-20
MERGED from [com.android.support.constraint:constraint-layout:1.1.0] AndroidManifest.xml:9:5-20
MERGED from [com.google.firebase:firebase-core:16.0.1] AndroidManifest.xml:7:5-20
MERGED from [com.google.firebase:firebase-core:16.0.1] AndroidManifest.xml:7:5-20
MERGED from [com.google.firebase:firebase-measurement-connector-impl:16.0.1] AndroidManifest.xml:26:5-32:19
MERGED from [com.google.firebase:firebase-measurement-connector-impl:16.0.1] AndroidManifest.xml:26:5-32:19
MERGED from [com.google.firebase:firebase-analytics:16.0.1] AndroidManifest.xml:28:5-53:19
MERGED from [com.google.firebase:firebase-analytics:16.0.1] AndroidManifest.xml:28:5-53:19
MERGED from [com.google.firebase:firebase-analytics-impl:16.1.1] AndroidManifest.xml:28:5-38:19
MERGED from [com.google.firebase:firebase-analytics-impl:16.1.1] AndroidManifest.xml:28:5-38:19
MERGED from [com.google.firebase:firebase-iid:16.0.0] AndroidManifest.xml:34:5-63:19
MERGED from [com.google.firebase:firebase-iid:16.0.0] AndroidManifest.xml:34:5-63:19
MERGED from [com.google.firebase:firebase-iid-interop:16.0.0] AndroidManifest.xml:7:5-8:19
MERGED from [com.google.firebase:firebase-iid-interop:16.0.0] AndroidManifest.xml:7:5-8:19
MERGED from [com.google.android.gms:play-services-base:15.0.1] AndroidManifest.xml:22:5-27:19
MERGED from [com.google.android.gms:play-services-base:15.0.1] AndroidManifest.xml:22:5-27:19
MERGED from [com.google.firebase:firebase-common:16.0.0] AndroidManifest.xml:8:5-14:19
MERGED from [com.google.firebase:firebase-common:16.0.0] AndroidManifest.xml:8:5-14:19
MERGED from [com.google.android.gms:play-services-tasks:15.0.1] AndroidManifest.xml:7:5-20
MERGED from [com.google.android.gms:play-services-tasks:15.0.1] AndroidManifest.xml:7:5-20
MERGED from [com.google.android.gms:play-services-stats:15.0.1] AndroidManifest.xml:7:5-20
MERGED from [com.google.android.gms:play-services-stats:15.0.1] AndroidManifest.xml:7:5-20
MERGED from [com.google.firebase:firebase-measurement-connector:16.0.0] AndroidManifest.xml:22:5-23:19
MERGED from [com.google.firebase:firebase-measurement-connector:16.0.0] AndroidManifest.xml:22:5-23:19
MERGED from [com.google.android.gms:play-services-ads-identifier:15.0.1] AndroidManifest.xml:22:5-20
MERGED from [com.google.android.gms:play-services-ads-identifier:15.0.1] AndroidManifest.xml:22:5-20
MERGED from [com.google.android.gms:play-services-basement:15.0.1] AndroidManifest.xml:22:5-26:19
MERGED from [com.google.android.gms:play-services-basement:15.0.1] AndroidManifest.xml:22:5-26:19
MERGED from [com.google.android.gms:play-services-measurement-base:16.0.0] AndroidManifest.xml:22:5-20
MERGED from [com.google.android.gms:play-services-measurement-base:16.0.0] AndroidManifest.xml:22:5-20
	android:label
		ADDED from src/main/AndroidManifest.xml:12:9-41
	android:allowBackup
		ADDED from src/main/AndroidManifest.xml:11:9-35
	android:theme
		ADDED from src/main/AndroidManifest.xml:13:9-40
activity#com.rtu.gymforbeginners.MainActivity
ADDED from src/main/AndroidManifest.xml:14:9-22:20
	android:label
		ADDED from src/main/AndroidManifest.xml:16:13-45
	android:name
		ADDED from src/main/AndroidManifest.xml:15:13-41
intent-filter#action:name:android.intent.action.MAIN+category:name:android.intent.category.LAUNCHER
ADDED from src/main/AndroidManifest.xml:17:13-21:29
action#android.intent.action.MAIN
ADDED from src/main/AndroidManifest.xml:18:17-69
	android:name
		ADDED from src/main/AndroidManifest.xml:18:25-66
category#android.intent.category.LAUNCHER
ADDED from src/main/AndroidManifest.xml:20:17-77
	android:name
		ADDED from src/main/AndroidManifest.xml:20:27-74
activity#com.rtu.gymforbeginners.WorkoutActivity
ADDED from src/main/AndroidManifest.xml:23:9-53
	android:name
		ADDED from src/main/AndroidManifest.xml:23:19-50
activity#com.rtu.gymforbeginners.SignupActivity
ADDED from src/main/AndroidManifest.xml:24:9-52
	android:name
		ADDED from src/main/AndroidManifest.xml:24:19-49
activity#com.rtu.gymforbeginners.ProfileActivity
ADDED from src/main/AndroidManifest.xml:25:9-28:47
	android:label
		ADDED from src/main/AndroidManifest.xml:27:13-59
	android:theme
		ADDED from src/main/AndroidManifest.xml:28:13-44
	android:name
		ADDED from src/main/AndroidManifest.xml:26:13-44
activity#com.rtu.gymforbeginners.ExcerciseActivity
ADDED from src/main/AndroidManifest.xml:29:9-32:47
	android:label
		ADDED from src/main/AndroidManifest.xml:31:13-61
	android:theme
		ADDED from src/main/AndroidManifest.xml:32:13-44
	android:name
		ADDED from src/main/AndroidManifest.xml:30:13-46
activity#com.rtu.gymforbeginners.LoginActivity
ADDED from src/main/AndroidManifest.xml:33:9-51
	android:name
		ADDED from src/main/AndroidManifest.xml:33:19-48
activity#com.rtu.gymforbeginners.AddWorkoutActivity
ADDED from src/main/AndroidManifest.xml:34:9-37:47
	android:label
		ADDED from src/main/AndroidManifest.xml:36:13-63
	android:theme
		ADDED from src/main/AndroidManifest.xml:37:13-44
	android:name
		ADDED from src/main/AndroidManifest.xml:35:13-47
activity#com.rtu.gymforbeginners.utils.CategoryExActivity
ADDED from src/main/AndroidManifest.xml:38:9-41:47
	android:label
		ADDED from src/main/AndroidManifest.xml:40:13-63
	android:theme
		ADDED from src/main/AndroidManifest.xml:41:13-44
	android:name
		ADDED from src/main/AndroidManifest.xml:39:13-53
activity#com.rtu.gymforbeginners.ExcerciseListActivity
ADDED from src/main/AndroidManifest.xml:42:9-45:47
	android:label
		ADDED from src/main/AndroidManifest.xml:44:13-66
	android:theme
		ADDED from src/main/AndroidManifest.xml:45:13-44
	android:name
		ADDED from src/main/AndroidManifest.xml:43:13-50
activity#com.rtu.gymforbeginners.RegisterActivity
ADDED from src/main/AndroidManifest.xml:46:9-49:47
	android:label
		ADDED from src/main/AndroidManifest.xml:48:13-60
	android:theme
		ADDED from src/main/AndroidManifest.xml:49:13-44
	android:name
		ADDED from src/main/AndroidManifest.xml:47:13-45
activity#com.rtu.gymforbeginners.EditProfileActivity
ADDED from src/main/AndroidManifest.xml:50:9-53:56
	android:label
		ADDED from src/main/AndroidManifest.xml:52:13-64
	android:theme
		ADDED from src/main/AndroidManifest.xml:53:13-44
	android:name
		ADDED from src/main/AndroidManifest.xml:51:13-48
uses-sdk
INJECTED from src/main/AndroidManifest.xml reason: use-sdk injection requested
INJECTED from src/main/AndroidManifest.xml
INJECTED from src/main/AndroidManifest.xml
MERGED from [com.android.support:design:27.1.1] AndroidManifest.xml:20:5-44
MERGED from [com.android.support:design:27.1.1] AndroidManifest.xml:20:5-44
MERGED from [com.android.support:mediarouter-v7:27.1.1] AndroidManifest.xml:20:5-44
MERGED from [com.android.support:mediarouter-v7:27.1.1] AndroidManifest.xml:20:5-44
MERGED from [com.android.support:appcompat-v7:27.1.1] AndroidManifest.xml:20:5-44
MERGED from [com.android.support:appcompat-v7:27.1.1] AndroidManifest.xml:20:5-44
MERGED from [com.android.support.constraint:constraint-layout:1.1.0] AndroidManifest.xml:5:5-7:41
MERGED from [com.android.support.constraint:constraint-layout:1.1.0] AndroidManifest.xml:5:5-7:41
MERGED from [com.android.support:cardview-v7:27.1.1] AndroidManifest.xml:20:5-44
MERGED from [com.android.support:cardview-v7:27.1.1] AndroidManifest.xml:20:5-44
MERGED from [com.android.support:recyclerview-v7:27.1.1] AndroidManifest.xml:20:5-44
MERGED from [com.android.support:recyclerview-v7:27.1.1] AndroidManifest.xml:20:5-44
MERGED from [com.android.support:gridlayout-v7:27.1.1] AndroidManifest.xml:20:5-44
MERGED from [com.android.support:gridlayout-v7:27.1.1] AndroidManifest.xml:20:5-44
MERGED from [com.google.firebase:firebase-core:16.0.1] AndroidManifest.xml:5:5-44
MERGED from [com.google.firebase:firebase-core:16.0.1] AndroidManifest.xml:5:5-44
MERGED from [com.google.firebase:firebase-database:16.0.1] AndroidManifest.xml:6:5-44
MERGED from [com.google.firebase:firebase-database:16.0.1] AndroidManifest.xml:6:5-44
MERGED from [com.google.firebase:firebase-measurement-connector-impl:16.0.1] AndroidManifest.xml:20:5-44
MERGED from [com.google.firebase:firebase-measurement-connector-impl:16.0.1] AndroidManifest.xml:20:5-44
MERGED from [com.google.firebase:firebase-analytics:16.0.1] AndroidManifest.xml:20:5-44
MERGED from [com.google.firebase:firebase-analytics:16.0.1] AndroidManifest.xml:20:5-44
MERGED from [com.google.firebase:firebase-analytics-impl:16.1.1] AndroidManifest.xml:20:5-44
MERGED from [com.google.firebase:firebase-analytics-impl:16.1.1] AndroidManifest.xml:20:5-44
MERGED from [com.google.firebase:firebase-iid:16.0.0] AndroidManifest.xml:20:5-44
MERGED from [com.google.firebase:firebase-iid:16.0.0] AndroidManifest.xml:20:5-44
MERGED from [com.google.firebase:firebase-iid-interop:16.0.0] AndroidManifest.xml:5:5-44
MERGED from [com.google.firebase:firebase-iid-interop:16.0.0] AndroidManifest.xml:5:5-44
MERGED from [com.google.android.gms:play-services-base:15.0.1] AndroidManifest.xml:20:5-44
MERGED from [com.google.android.gms:play-services-base:15.0.1] AndroidManifest.xml:20:5-44
MERGED from [com.google.firebase:firebase-database-connection:16.0.1] AndroidManifest.xml:6:5-44
MERGED from [com.google.firebase:firebase-database-connection:16.0.1] AndroidManifest.xml:6:5-44
MERGED from [com.google.firebase:firebase-common:16.0.0] AndroidManifest.xml:5:5-6:37
MERGED from [com.google.firebase:firebase-common:16.0.0] AndroidManifest.xml:5:5-6:37
MERGED from [com.google.android.gms:play-services-tasks:15.0.1] AndroidManifest.xml:5:5-44
MERGED from [com.google.android.gms:play-services-tasks:15.0.1] AndroidManifest.xml:5:5-44
MERGED from [com.google.firebase:firebase-database-collection:15.0.1] AndroidManifest.xml:6:5-44
MERGED from [com.google.firebase:firebase-database-collection:15.0.1] AndroidManifest.xml:6:5-44
MERGED from [com.google.android.gms:play-services-stats:15.0.1] AndroidManifest.xml:5:5-44
MERGED from [com.google.android.gms:play-services-stats:15.0.1] AndroidManifest.xml:5:5-44
MERGED from [com.google.firebase:firebase-measurement-connector:16.0.0] AndroidManifest.xml:20:5-44
MERGED from [com.google.firebase:firebase-measurement-connector:16.0.0] AndroidManifest.xml:20:5-44
MERGED from [com.google.android.gms:play-services-ads-identifier:15.0.1] AndroidManifest.xml:20:5-44
MERGED from [com.google.android.gms:play-services-ads-identifier:15.0.1] AndroidManifest.xml:20:5-44
MERGED from [com.google.android.gms:play-services-basement:15.0.1] AndroidManifest.xml:20:5-44
MERGED from [com.google.android.gms:play-services-basement:15.0.1] AndroidManifest.xml:20:5-44
MERGED from [com.android.support:support-v4:27.1.1] AndroidManifest.xml:20:5-44
MERGED from [com.android.support:support-v4:27.1.1] AndroidManifest.xml:20:5-44
MERGED from [com.android.support:support-fragment:27.1.1] AndroidManifest.xml:20:5-44
MERGED from [com.android.support:support-fragment:27.1.1] AndroidManifest.xml:20:5-44
MERGED from [com.android.support:animated-vector-drawable:27.1.1] AndroidManifest.xml:20:5-44
MERGED from [com.android.support:animated-vector-drawable:27.1.1] AndroidManifest.xml:20:5-44
MERGED from [com.android.support:support-core-ui:27.1.1] AndroidManifest.xml:20:5-44
MERGED from [com.android.support:support-core-ui:27.1.1] AndroidManifest.xml:20:5-44
MERGED from [com.android.support:palette-v7:27.1.1] AndroidManifest.xml:20:5-44
MERGED from [com.android.support:palette-v7:27.1.1] AndroidManifest.xml:20:5-44
MERGED from [com.android.support:support-core-utils:27.1.1] AndroidManifest.xml:20:5-44
MERGED from [com.android.support:support-core-utils:27.1.1] AndroidManifest.xml:20:5-44
MERGED from [com.android.support:support-vector-drawable:27.1.1] AndroidManifest.xml:20:5-44
MERGED from [com.android.support:support-vector-drawable:27.1.1] AndroidManifest.xml:20:5-44
MERGED from [com.android.support:transition:27.1.1] AndroidManifest.xml:20:5-44
MERGED from [com.android.support:transition:27.1.1] AndroidManifest.xml:20:5-44
MERGED from [com.android.support:support-media-compat:27.1.1] AndroidManifest.xml:20:5-44
MERGED from [com.android.support:support-media-compat:27.1.1] AndroidManifest.xml:20:5-44
MERGED from [com.android.support:support-compat:27.1.1] AndroidManifest.xml:20:5-44
MERGED from [com.android.support:support-compat:27.1.1] AndroidManifest.xml:20:5-44
MERGED from [android.arch.lifecycle:livedata-core:1.1.0] AndroidManifest.xml:20:5-44
MERGED from [android.arch.lifecycle:livedata-core:1.1.0] AndroidManifest.xml:20:5-44
MERGED from [android.arch.lifecycle:viewmodel:1.1.0] AndroidManifest.xml:20:5-44
MERGED from [android.arch.lifecycle:viewmodel:1.1.0] AndroidManifest.xml:20:5-44
MERGED from [android.arch.lifecycle:runtime:1.1.0] AndroidManifest.xml:20:5-44
MERGED from [android.arch.lifecycle:runtime:1.1.0] AndroidManifest.xml:20:5-44
MERGED from [com.google.android.gms:play-services-measurement-base:16.0.0] AndroidManifest.xml:20:5-44
MERGED from [com.google.android.gms:play-services-measurement-base:16.0.0] AndroidManifest.xml:20:5-44
MERGED from [android.arch.core:runtime:1.1.0] AndroidManifest.xml:20:5-44
MERGED from [android.arch.core:runtime:1.1.0] AndroidManifest.xml:20:5-44
INJECTED from src/main/AndroidManifest.xml
INJECTED from src/main/AndroidManifest.xml
	android:targetSdkVersion
		INJECTED from src/main/AndroidManifest.xml
		ADDED from src/main/AndroidManifest.xml
		INJECTED from src/main/AndroidManifest.xml
	android:minSdkVersion
		INJECTED from src/main/AndroidManifest.xml
		ADDED from src/main/AndroidManifest.xml
		INJECTED from src/main/AndroidManifest.xml
uses-permission#android.permission.INTERNET
ADDED from [com.google.firebase:firebase-measurement-connector-impl:16.0.1] AndroidManifest.xml:22:5-67
MERGED from [com.google.firebase:firebase-analytics:16.0.1] AndroidManifest.xml:23:5-67
MERGED from [com.google.firebase:firebase-analytics:16.0.1] AndroidManifest.xml:23:5-67
MERGED from [com.google.firebase:firebase-analytics-impl:16.1.1] AndroidManifest.xml:23:5-67
MERGED from [com.google.firebase:firebase-analytics-impl:16.1.1] AndroidManifest.xml:23:5-67
MERGED from [com.google.firebase:firebase-iid:16.0.0] AndroidManifest.xml:23:5-67
MERGED from [com.google.firebase:firebase-iid:16.0.0] AndroidManifest.xml:23:5-67
MERGED from [com.google.firebase:firebase-database-connection:16.0.1] AndroidManifest.xml:8:5-67
MERGED from [com.google.firebase:firebase-database-connection:16.0.1] AndroidManifest.xml:8:5-67
	android:name
		ADDED from [com.google.firebase:firebase-measurement-connector-impl:16.0.1] AndroidManifest.xml:22:22-64
uses-permission#android.permission.ACCESS_NETWORK_STATE
ADDED from [com.google.firebase:firebase-measurement-connector-impl:16.0.1] AndroidManifest.xml:23:5-79
MERGED from [com.google.firebase:firebase-analytics:16.0.1] AndroidManifest.xml:24:5-79
MERGED from [com.google.firebase:firebase-analytics:16.0.1] AndroidManifest.xml:24:5-79
MERGED from [com.google.firebase:firebase-analytics-impl:16.1.1] AndroidManifest.xml:24:5-79
MERGED from [com.google.firebase:firebase-analytics-impl:16.1.1] AndroidManifest.xml:24:5-79
MERGED from [com.google.firebase:firebase-iid:16.0.0] AndroidManifest.xml:22:5-79
MERGED from [com.google.firebase:firebase-iid:16.0.0] AndroidManifest.xml:22:5-79
	android:name
		ADDED from [com.google.firebase:firebase-measurement-connector-impl:16.0.1] AndroidManifest.xml:23:22-76
uses-permission#android.permission.WAKE_LOCK
ADDED from [com.google.firebase:firebase-measurement-connector-impl:16.0.1] AndroidManifest.xml:24:5-68
MERGED from [com.google.firebase:firebase-analytics:16.0.1] AndroidManifest.xml:25:5-68
MERGED from [com.google.firebase:firebase-analytics:16.0.1] AndroidManifest.xml:25:5-68
MERGED from [com.google.firebase:firebase-analytics-impl:16.1.1] AndroidManifest.xml:25:5-68
MERGED from [com.google.firebase:firebase-analytics-impl:16.1.1] AndroidManifest.xml:25:5-68
MERGED from [com.google.firebase:firebase-iid:16.0.0] AndroidManifest.xml:24:5-68
MERGED from [com.google.firebase:firebase-iid:16.0.0] AndroidManifest.xml:24:5-68
	android:name
		ADDED from [com.google.firebase:firebase-measurement-connector-impl:16.0.1] AndroidManifest.xml:24:22-65
service#com.google.firebase.components.ComponentDiscoveryService
ADDED from [com.google.firebase:firebase-measurement-connector-impl:16.0.1] AndroidManifest.xml:27:9-31:19
MERGED from [com.google.firebase:firebase-iid:16.0.0] AndroidManifest.xml:35:9-39:19
MERGED from [com.google.firebase:firebase-iid:16.0.0] AndroidManifest.xml:35:9-39:19
	android:name
		ADDED from [com.google.firebase:firebase-measurement-connector-impl:16.0.1] AndroidManifest.xml:27:18-89
meta-data#com.google.firebase.components:com.google.firebase.analytics.connector.internal.AnalyticsConnectorRegistrar
ADDED from [com.google.firebase:firebase-measurement-connector-impl:16.0.1] AndroidManifest.xml:28:13-30:85
	android:value
		ADDED from [com.google.firebase:firebase-measurement-connector-impl:16.0.1] AndroidManifest.xml:30:17-82
	android:name
		ADDED from [com.google.firebase:firebase-measurement-connector-impl:16.0.1] AndroidManifest.xml:29:17-139
uses-permission#com.google.android.finsky.permission.BIND_GET_INSTALL_REFERRER_SERVICE
ADDED from [com.google.firebase:firebase-analytics:16.0.1] AndroidManifest.xml:26:5-110
MERGED from [com.google.firebase:firebase-analytics-impl:16.1.1] AndroidManifest.xml:26:5-110
MERGED from [com.google.firebase:firebase-analytics-impl:16.1.1] AndroidManifest.xml:26:5-110
	android:name
		ADDED from [com.google.firebase:firebase-analytics:16.0.1] AndroidManifest.xml:26:22-107
receiver#com.google.android.gms.measurement.AppMeasurementReceiver
ADDED from [com.google.firebase:firebase-analytics:16.0.1] AndroidManifest.xml:29:9-33:20
	android:enabled
		ADDED from [com.google.firebase:firebase-analytics:16.0.1] AndroidManifest.xml:31:13-35
	android:exported
		ADDED from [com.google.firebase:firebase-analytics:16.0.1] AndroidManifest.xml:32:13-37
	android:name
		ADDED from [com.google.firebase:firebase-analytics:16.0.1] AndroidManifest.xml:30:13-85
receiver#com.google.android.gms.measurement.AppMeasurementInstallReferrerReceiver
ADDED from [com.google.firebase:firebase-analytics:16.0.1] AndroidManifest.xml:34:9-42:20
MERGED from [com.google.firebase:firebase-analytics-impl:16.1.1] AndroidManifest.xml:29:9-37:20
MERGED from [com.google.firebase:firebase-analytics-impl:16.1.1] AndroidManifest.xml:29:9-37:20
	android:enabled
		ADDED from [com.google.firebase:firebase-analytics:16.0.1] AndroidManifest.xml:36:13-35
	android:exported
		ADDED from [com.google.firebase:firebase-analytics:16.0.1] AndroidManifest.xml:37:13-36
	android:permission
		ADDED from [com.google.firebase:firebase-analytics:16.0.1] AndroidManifest.xml:38:13-69
	android:name
		ADDED from [com.google.firebase:firebase-analytics:16.0.1] AndroidManifest.xml:35:13-100
intent-filter#action:name:com.android.vending.INSTALL_REFERRER
ADDED from [com.google.firebase:firebase-analytics:16.0.1] AndroidManifest.xml:39:13-41:29
action#com.android.vending.INSTALL_REFERRER
ADDED from [com.google.firebase:firebase-analytics:16.0.1] AndroidManifest.xml:40:17-79
	android:name
		ADDED from [com.google.firebase:firebase-analytics:16.0.1] AndroidManifest.xml:40:25-76
service#com.google.android.gms.measurement.AppMeasurementService
ADDED from [com.google.firebase:firebase-analytics:16.0.1] AndroidManifest.xml:44:9-47:40
	android:enabled
		ADDED from [com.google.firebase:firebase-analytics:16.0.1] AndroidManifest.xml:46:13-35
	android:exported
		ADDED from [com.google.firebase:firebase-analytics:16.0.1] AndroidManifest.xml:47:13-37
	android:name
		ADDED from [com.google.firebase:firebase-analytics:16.0.1] AndroidManifest.xml:45:13-84
service#com.google.android.gms.measurement.AppMeasurementJobService
ADDED from [com.google.firebase:firebase-analytics:16.0.1] AndroidManifest.xml:48:9-52:72
	android:enabled
		ADDED from [com.google.firebase:firebase-analytics:16.0.1] AndroidManifest.xml:50:13-35
	android:exported
		ADDED from [com.google.firebase:firebase-analytics:16.0.1] AndroidManifest.xml:51:13-37
	android:permission
		ADDED from [com.google.firebase:firebase-analytics:16.0.1] AndroidManifest.xml:52:13-69
	android:name
		ADDED from [com.google.firebase:firebase-analytics:16.0.1] AndroidManifest.xml:49:13-87
uses-permission#com.google.android.c2dm.permission.RECEIVE
ADDED from [com.google.firebase:firebase-iid:16.0.0] AndroidManifest.xml:26:5-82
	android:name
		ADDED from [com.google.firebase:firebase-iid:16.0.0] AndroidManifest.xml:26:22-79
permission#${applicationId}.permission.C2D_MESSAGE
ADDED from [com.google.firebase:firebase-iid:16.0.0] AndroidManifest.xml:28:5-30:47
	android:protectionLevel
		ADDED from [com.google.firebase:firebase-iid:16.0.0] AndroidManifest.xml:30:9-44
	android:name
		ADDED from [com.google.firebase:firebase-iid:16.0.0] AndroidManifest.xml:29:9-63
permission#luck.materialdesign.tabsnavigator.permission.C2D_MESSAGE
ADDED from [com.google.firebase:firebase-iid:16.0.0] AndroidManifest.xml:28:5-30:47
	android:protectionLevel
		ADDED from [com.google.firebase:firebase-iid:16.0.0] AndroidManifest.xml:30:9-44
	android:name
		ADDED from [com.google.firebase:firebase-iid:16.0.0] AndroidManifest.xml:29:9-63
uses-permission#${applicationId}.permission.C2D_MESSAGE
ADDED from [com.google.firebase:firebase-iid:16.0.0] AndroidManifest.xml:32:5-79
	android:name
		ADDED from [com.google.firebase:firebase-iid:16.0.0] AndroidManifest.xml:32:22-76
uses-permission#luck.materialdesign.tabsnavigator.permission.C2D_MESSAGE
ADDED from [com.google.firebase:firebase-iid:16.0.0] AndroidManifest.xml:32:5-79
	android:name
		ADDED from [com.google.firebase:firebase-iid:16.0.0] AndroidManifest.xml:32:22-76
meta-data#com.google.firebase.components:com.google.firebase.iid.Registrar
ADDED from [com.google.firebase:firebase-iid:16.0.0] AndroidManifest.xml:36:13-38:85
	android:value
		ADDED from [com.google.firebase:firebase-iid:16.0.0] AndroidManifest.xml:38:17-82
	android:name
		ADDED from [com.google.firebase:firebase-iid:16.0.0] AndroidManifest.xml:37:17-96
receiver#com.google.firebase.iid.FirebaseInstanceIdReceiver
ADDED from [com.google.firebase:firebase-iid:16.0.0] AndroidManifest.xml:41:9-50:20
	android:exported
		ADDED from [com.google.firebase:firebase-iid:16.0.0] AndroidManifest.xml:43:13-36
	android:permission
		ADDED from [com.google.firebase:firebase-iid:16.0.0] AndroidManifest.xml:44:13-73
	android:name
		ADDED from [com.google.firebase:firebase-iid:16.0.0] AndroidManifest.xml:42:13-78
intent-filter#action:name:com.google.android.c2dm.intent.RECEIVE+category:name:${applicationId}
ADDED from [com.google.firebase:firebase-iid:16.0.0] AndroidManifest.xml:45:13-49:29
intent-filter#action:name:com.google.android.c2dm.intent.RECEIVE+category:name:luck.materialdesign.tabsnavigator
ADDED from [com.google.firebase:firebase-iid:16.0.0] AndroidManifest.xml:45:13-49:29
action#com.google.android.c2dm.intent.RECEIVE
ADDED from [com.google.firebase:firebase-iid:16.0.0] AndroidManifest.xml:46:17-81
	android:name
		ADDED from [com.google.firebase:firebase-iid:16.0.0] AndroidManifest.xml:46:25-78
category#${applicationId}
ADDED from [com.google.firebase:firebase-iid:16.0.0] AndroidManifest.xml:48:17-61
	android:name
		ADDED from [com.google.firebase:firebase-iid:16.0.0] AndroidManifest.xml:48:27-58
category#luck.materialdesign.tabsnavigator
ADDED from [com.google.firebase:firebase-iid:16.0.0] AndroidManifest.xml:48:17-61
	android:name
		ADDED from [com.google.firebase:firebase-iid:16.0.0] AndroidManifest.xml:48:27-58
service#com.google.firebase.iid.FirebaseInstanceIdService
ADDED from [com.google.firebase:firebase-iid:16.0.0] AndroidManifest.xml:56:9-62:19
	android:exported
		ADDED from [com.google.firebase:firebase-iid:16.0.0] AndroidManifest.xml:58:13-36
	android:name
		ADDED from [com.google.firebase:firebase-iid:16.0.0] AndroidManifest.xml:57:13-77
intent-filter#action:name:com.google.firebase.INSTANCE_ID_EVENT
ADDED from [com.google.firebase:firebase-iid:16.0.0] AndroidManifest.xml:59:13-61:29
	android:priority
		ADDED from [com.google.firebase:firebase-iid:16.0.0] AndroidManifest.xml:59:28-51
action#com.google.firebase.INSTANCE_ID_EVENT
ADDED from [com.google.firebase:firebase-iid:16.0.0] AndroidManifest.xml:60:17-80
	android:name
		ADDED from [com.google.firebase:firebase-iid:16.0.0] AndroidManifest.xml:60:25-77
activity#com.google.android.gms.common.api.GoogleApiActivity
ADDED from [com.google.android.gms:play-services-base:15.0.1] AndroidManifest.xml:23:9-26:75
	android:exported
		ADDED from [com.google.android.gms:play-services-base:15.0.1] AndroidManifest.xml:25:13-37
	android:theme
		ADDED from [com.google.android.gms:play-services-base:15.0.1] AndroidManifest.xml:26:13-72
	android:name
		ADDED from [com.google.android.gms:play-services-base:15.0.1] AndroidManifest.xml:24:13-79
provider#com.google.firebase.provider.FirebaseInitProvider
ADDED from [com.google.firebase:firebase-common:16.0.0] AndroidManifest.xml:9:9-13:39
	android:authorities